[16:20:05] [main/INFO]: Setting user: ForgeDevName
[16:20:08] [Client thread/INFO]: LWJGL Version: 2.9.1
[16:20:20] [Client thread/INFO]: Reloading ResourceManager: Default, FMLFileResourcePack:Forge Mod Loader, FMLFileResourcePack:Minecraft Forge, FMLFileResourcePack:Draconem-Daemonion
[16:20:21] [Sound Library Loader/INFO]: Sound engine started
[16:20:24] [Client thread/INFO]: Created: 512x256 textures/blocks-atlas
[16:20:24] [Client thread/INFO]: Created: 256x256 textures/items-atlas
[16:20:25] [Client thread/INFO]: Reloading ResourceManager: Default, FMLFileResourcePack:Forge Mod Loader, FMLFileResourcePack:Minecraft Forge, FMLFileResourcePack:Draconem-Daemonion
[16:20:25] [Client thread/INFO]: Created: 256x256 textures/items-atlas
[16:20:25] [Client thread/INFO]: Created: 512x256 textures/blocks-atlas
[16:20:26] [Sound Library Loader/INFO]: Sound engine started
[16:20:32] [Server thread/INFO]: Starting integrated minecraft server version 1.7.10
[16:20:32] [Server thread/INFO]: Generating keypair
[16:20:33] [Server thread/INFO]: Preparing start region for level 0
[16:20:34] [Server thread/INFO]: Preparing spawn area: 57%
[16:20:35] [Server thread/INFO]: Changing view distance to 12, from 10
[16:20:36] [Server thread/INFO]: ForgeDevName[local:E:e101d75f] logged in with entity id 252 at (-918.5, 4.0, -300.5)
[16:20:36] [Server thread/INFO]: ForgeDevName joined the game
[16:20:37] [Server thread/WARN]: Can't keep up! Did the system time change, or is the server overloaded? Running 2221ms behind, skipping 44 tick(s)
[16:20:48] [Server thread/INFO]: Saving and pausing game...
[16:20:48] [Server thread/INFO]: Saving chunks for level 'New World'/Overworld
[16:20:48] [Server thread/INFO]: Saving chunks for level 'New World'/Nether
[16:20:48] [Server thread/INFO]: Saving chunks for level 'New World'/The End
[16:20:50] [Server thread/INFO]: Stopping server
[16:20:50] [Server thread/INFO]: Saving players
[16:20:50] [Server thread/INFO]: Saving worlds
[16:20:50] [Server thread/INFO]: Saving chunks for level 'New World'/Overworld
[16:20:50] [Server thread/INFO]: Saving chunks for level 'New World'/Nether
[16:20:50] [Server thread/INFO]: Saving chunks for level 'New World'/The End
[16:20:51] [Client thread/INFO]: Stopping!
